{"/Users/daniel/Work/codiga/codiga-cli/utils/encoding.js": {"path":"/Users/daniel/Work/codiga/codiga-cli/utils/encoding.js","statementMap":{"0":{"start":{"line":6,"column":2},"end":{"line":6,"column":53}},"1":{"start":{"line":15,"column":2},"end":{"line":15,"column":53}}},"fnMap":{"0":{"name":"encodeToBase64","decl":{"start":{"line":5,"column":16},"end":{"line":5,"column":30}},"loc":{"start":{"line":5,"column":36},"end":{"line":7,"column":1}},"line":5},"1":{"name":"decodeFromBase64","decl":{"start":{"line":14,"column":16},"end":{"line":14,"column":32}},"loc":{"start":{"line":14,"column":38},"end":{"line":16,"column":1}},"line":14}},"branchMap":{},"s":{"0":1,"1":1},"f":{"0":1,"1":1},"b":{},"_coverageSchema":"1a1c01bbd47fc00a2c39e90264f33305004495a9","hash":"3c8858015d9b728c02758ccca4ac345a4cc25e1f"}
}
